0 info it worked if it ends with ok
1 verbose cli [ 'C:\\Program Files\\nodejs\\node.exe',
1 verbose cli   'C:\\Program Files\\nodejs\\node_modules\\npm\\bin\\npm-cli.js',
1 verbose cli   'i',
1 verbose cli   '-g',
1 verbose cli   'eslint-plugin-jsx-ally@latest',
1 verbose cli   '--save-dev' ]
2 info using npm@3.10.10
3 info using node@v6.11.4
4 silly loadCurrentTree Starting
5 silly install loadCurrentTree
6 silly install readGlobalPackageData
7 silly fetchPackageMetaData eslint-plugin-jsx-ally@latest
8 silly fetchNamedPackageData eslint-plugin-jsx-ally
9 silly mapToRegistry name eslint-plugin-jsx-ally
10 silly mapToRegistry using default registry
11 silly mapToRegistry registry https://registry.npmjs.org/
12 silly mapToRegistry data Result {
12 silly mapToRegistry   raw: 'eslint-plugin-jsx-ally',
12 silly mapToRegistry   scope: null,
12 silly mapToRegistry   escapedName: 'eslint-plugin-jsx-ally',
12 silly mapToRegistry   name: 'eslint-plugin-jsx-ally',
12 silly mapToRegistry   rawSpec: '',
12 silly mapToRegistry   spec: 'latest',
12 silly mapToRegistry   type: 'tag' }
13 silly mapToRegistry uri https://registry.npmjs.org/eslint-plugin-jsx-ally
14 verbose request uri https://registry.npmjs.org/eslint-plugin-jsx-ally
15 verbose request no auth needed
16 info attempt registry request try #1 at 11:07:23 PM
17 verbose request id 287914f458d985d7
18 verbose etag W/"59ad6c39-942"
19 verbose lastModified Mon, 04 Sep 2017 15:07:37 GMT
20 http request GET https://registry.npmjs.org/eslint-plugin-jsx-ally
21 http 304 https://registry.npmjs.org/eslint-plugin-jsx-ally
22 verbose headers { date: 'Tue, 24 Oct 2017 22:08:00 GMT',
22 verbose headers   via: '1.1 varnish',
22 verbose headers   'cache-control': 'max-age=300',
22 verbose headers   etag: 'W/"59ad6c39-942"',
22 verbose headers   age: '32',
22 verbose headers   connection: 'keep-alive',
22 verbose headers   'x-served-by': 'cache-lhr6330-LHR',
22 verbose headers   'x-cache': 'HIT',
22 verbose headers   'x-cache-hits': '1',
22 verbose headers   'x-timer': 'S1508882880.183321,VS0,VE0',
22 verbose headers   vary: 'Accept-Encoding, Accept' }
23 silly get cb [ 304,
23 silly get   { date: 'Tue, 24 Oct 2017 22:08:00 GMT',
23 silly get     via: '1.1 varnish',
23 silly get     'cache-control': 'max-age=300',
23 silly get     etag: 'W/"59ad6c39-942"',
23 silly get     age: '32',
23 silly get     connection: 'keep-alive',
23 silly get     'x-served-by': 'cache-lhr6330-LHR',
23 silly get     'x-cache': 'HIT',
23 silly get     'x-cache-hits': '1',
23 silly get     'x-timer': 'S1508882880.183321,VS0,VE0',
23 silly get     vary: 'Accept-Encoding, Accept' } ]
24 verbose etag https://registry.npmjs.org/eslint-plugin-jsx-ally from cache
25 verbose get saving eslint-plugin-jsx-ally to C:\Users\gbenga.oshinaga\AppData\Roaming\npm-cache\registry.npmjs.org\eslint-plugin-jsx-ally\.cache.json
26 verbose correctMkdir C:\Users\gbenga.oshinaga\AppData\Roaming\npm-cache correctMkdir not in flight; initializing
27 silly install normalizeTree
28 silly loadCurrentTree Finishing
29 silly loadIdealTree Starting
30 silly install loadIdealTree
31 silly cloneCurrentTree Starting
32 silly install cloneCurrentTreeToIdealTree
33 silly cloneCurrentTree Finishing
34 silly loadShrinkwrap Starting
35 silly install loadShrinkwrap
36 silly loadShrinkwrap Finishing
37 silly loadAllDepsIntoIdealTree Starting
38 silly install loadAllDepsIntoIdealTree
39 silly resolveWithNewModule eslint-plugin-jsx-ally@6.0.3 checking installable status
40 silly cache add args [ 'eslint-plugin-jsx-ally@latest', null ]
41 verbose cache add spec eslint-plugin-jsx-ally@latest
42 silly cache add parsed spec Result {
42 silly cache add   raw: 'eslint-plugin-jsx-ally@latest',
42 silly cache add   scope: null,
42 silly cache add   escapedName: 'eslint-plugin-jsx-ally',
42 silly cache add   name: 'eslint-plugin-jsx-ally',
42 silly cache add   rawSpec: 'latest',
42 silly cache add   spec: 'latest',
42 silly cache add   type: 'tag' }
43 silly addNamed eslint-plugin-jsx-ally@latest
44 verbose addNamed "latest" is being treated as a dist-tag for eslint-plugin-jsx-ally
45 info addNameTag [ 'eslint-plugin-jsx-ally', 'latest' ]
46 silly mapToRegistry name eslint-plugin-jsx-ally
47 silly mapToRegistry using default registry
48 silly mapToRegistry registry https://registry.npmjs.org/
49 silly mapToRegistry data Result {
49 silly mapToRegistry   raw: 'eslint-plugin-jsx-ally',
49 silly mapToRegistry   scope: null,
49 silly mapToRegistry   escapedName: 'eslint-plugin-jsx-ally',
49 silly mapToRegistry   name: 'eslint-plugin-jsx-ally',
49 silly mapToRegistry   rawSpec: '',
49 silly mapToRegistry   spec: 'latest',
49 silly mapToRegistry   type: 'tag' }
50 silly mapToRegistry uri https://registry.npmjs.org/eslint-plugin-jsx-ally
51 verbose addNameTag registry:https://registry.npmjs.org/eslint-plugin-jsx-ally not in flight; fetching
52 verbose get https://registry.npmjs.org/eslint-plugin-jsx-ally not expired, no request
53 silly addNameTag next cb for eslint-plugin-jsx-ally with tag latest
54 silly addNamed eslint-plugin-jsx-ally@6.0.3
55 verbose addNamed "6.0.3" is a plain semver version for eslint-plugin-jsx-ally
56 silly cache afterAdd eslint-plugin-jsx-ally@6.0.3
57 verbose afterAdd C:\Users\gbenga.oshinaga\AppData\Roaming\npm-cache\eslint-plugin-jsx-ally\6.0.3\package\package.json not in flight; writing
58 verbose correctMkdir C:\Users\gbenga.oshinaga\AppData\Roaming\npm-cache correctMkdir not in flight; initializing
59 verbose afterAdd C:\Users\gbenga.oshinaga\AppData\Roaming\npm-cache\eslint-plugin-jsx-ally\6.0.3\package\package.json written
60 silly loadAllDepsIntoIdealTree Finishing
61 silly loadIdealTree Finishing
62 silly currentTree npm
63 silly idealTree npm
63 silly idealTree `-- eslint-plugin-jsx-ally@6.0.3
64 silly generateActionsToTake Starting
65 silly install generateActionsToTake
66 silly generateActionsToTake Finishing
67 silly diffTrees action count 1
68 silly diffTrees add eslint-plugin-jsx-ally@6.0.3
69 silly decomposeActions action count 8
70 silly decomposeActions fetch eslint-plugin-jsx-ally@6.0.3
71 silly decomposeActions extract eslint-plugin-jsx-ally@6.0.3
72 silly decomposeActions test eslint-plugin-jsx-ally@6.0.3
73 silly decomposeActions preinstall eslint-plugin-jsx-ally@6.0.3
74 silly decomposeActions build eslint-plugin-jsx-ally@6.0.3
75 silly decomposeActions install eslint-plugin-jsx-ally@6.0.3
76 silly decomposeActions postinstall eslint-plugin-jsx-ally@6.0.3
77 silly decomposeActions finalize eslint-plugin-jsx-ally@6.0.3
78 silly runTopLevelLifecycles Starting
79 silly executeActions Starting
80 silly install executeActions
81 silly doSerial global-install 0
82 silly doParallel fetch 1
83 verbose correctMkdir C:\Users\gbenga.oshinaga\AppData\Roaming\npm-cache\_locks correctMkdir not in flight; initializing
84 verbose lock using C:\Users\gbenga.oshinaga\AppData\Roaming\npm-cache\_locks\staging-d83c9e34cf0a677f.lock for C:\Users\gbenga.oshinaga\AppData\Roaming\npm\node_modules\.staging
85 silly doParallel extract 1
86 silly extract eslint-plugin-jsx-ally@6.0.3
87 verbose unbuild node_modules\.staging\eslint-plugin-jsx-ally-7de3cc84
88 silly gentlyRm C:\Users\gbenga.oshinaga\AppData\Roaming\npm\node_modules\.staging\eslint-plugin-jsx-ally-7de3cc84 is being purged from base C:\Users\gbenga.oshinaga\AppData\Roaming\npm
89 verbose gentlyRm don't care about contents; nuking C:\Users\gbenga.oshinaga\AppData\Roaming\npm\node_modules\.staging\eslint-plugin-jsx-ally-7de3cc84
90 verbose tar unpack C:\Users\gbenga.oshinaga\AppData\Roaming\npm-cache\eslint-plugin-jsx-ally\6.0.3\package.tgz
91 verbose tar unpacking to C:\Users\gbenga.oshinaga\AppData\Roaming\npm\node_modules\.staging\eslint-plugin-jsx-ally-7de3cc84
92 silly gentlyRm C:\Users\gbenga.oshinaga\AppData\Roaming\npm\node_modules\.staging\eslint-plugin-jsx-ally-7de3cc84 is being purged
93 verbose gentlyRm don't care about contents; nuking C:\Users\gbenga.oshinaga\AppData\Roaming\npm\node_modules\.staging\eslint-plugin-jsx-ally-7de3cc84
94 silly gunzTarPerm modes [ '777', '666' ]
95 silly gunzTarPerm extractEntry package.json
96 silly gunzTarPerm modified mode [ 'package.json', 436, 438 ]
97 silly gunzTarPerm extractEntry README.md
98 silly gunzTarPerm modified mode [ 'README.md', 436, 438 ]
99 silly gunzTarPerm extractEntry index.js
100 silly gunzTarPerm modified mode [ 'index.js', 436, 438 ]
101 silly gunzTarPerm extractEntry postinstall.js
102 silly gunzTarPerm modified mode [ 'postinstall.js', 436, 438 ]
103 silly gentlyRm C:\Users\gbenga.oshinaga\AppData\Roaming\npm\node_modules\.staging\eslint-plugin-jsx-ally-7de3cc84\node_modules is being purged
104 verbose gentlyRm don't care about contents; nuking C:\Users\gbenga.oshinaga\AppData\Roaming\npm\node_modules\.staging\eslint-plugin-jsx-ally-7de3cc84\node_modules
105 silly doParallel preinstall 1
106 silly preinstall eslint-plugin-jsx-ally@6.0.3 C:\Users\gbenga.oshinaga\AppData\Roaming\npm\node_modules\.staging\eslint-plugin-jsx-ally-7de3cc84
107 info lifecycle eslint-plugin-jsx-ally@6.0.3~preinstall: eslint-plugin-jsx-ally@6.0.3
108 silly lifecycle eslint-plugin-jsx-ally@6.0.3~preinstall: no script for preinstall, continuing
109 silly doReverseSerial remove 0
110 silly doSerial move 0
111 silly doSerial finalize 1
112 silly finalize C:\Users\gbenga.oshinaga\AppData\Roaming\npm\node_modules\eslint-plugin-jsx-ally
113 silly doSerial build 1
114 silly build eslint-plugin-jsx-ally@6.0.3
115 info linkStuff eslint-plugin-jsx-ally@6.0.3
116 silly linkStuff eslint-plugin-jsx-ally@6.0.3 has C:\Users\gbenga.oshinaga\AppData\Roaming\npm\node_modules as its parent node_modules
117 silly linkStuff eslint-plugin-jsx-ally@6.0.3 is part of a global install
118 silly linkStuff eslint-plugin-jsx-ally@6.0.3 is installed into a global node_modules
119 silly linkStuff eslint-plugin-jsx-ally@6.0.3 is installed into the top-level global node_modules
120 verbose linkBins eslint-plugin-jsx-ally@6.0.3
121 verbose linkMans eslint-plugin-jsx-ally@6.0.3
122 silly doSerial global-link 0
123 silly doParallel update-linked 0
124 silly doSerial install 1
125 silly install eslint-plugin-jsx-ally@6.0.3 C:\Users\gbenga.oshinaga\AppData\Roaming\npm\node_modules\.staging\eslint-plugin-jsx-ally-7de3cc84
126 info lifecycle eslint-plugin-jsx-ally@6.0.3~install: eslint-plugin-jsx-ally@6.0.3
127 silly lifecycle eslint-plugin-jsx-ally@6.0.3~install: no script for install, continuing
128 silly doSerial postinstall 1
129 silly postinstall eslint-plugin-jsx-ally@6.0.3 C:\Users\gbenga.oshinaga\AppData\Roaming\npm\node_modules\.staging\eslint-plugin-jsx-ally-7de3cc84
130 info lifecycle eslint-plugin-jsx-ally@6.0.3~postinstall: eslint-plugin-jsx-ally@6.0.3
131 verbose lifecycle eslint-plugin-jsx-ally@6.0.3~postinstall: unsafe-perm in lifecycle true
132 verbose lifecycle eslint-plugin-jsx-ally@6.0.3~postinstall: PATH: C:\Program Files\nodejs\node_modules\npm\bin\node-gyp-bin;C:\Users\gbenga.oshinaga\AppData\Roaming\npm\node_modules\eslint-plugin-jsx-ally\node_modules\.bin;C:\Users\gbenga.oshinaga\AppData\Roaming\npm\node_modules\.bin;C:\ProgramData\Oracle\Java\javapath;C:\Program Files\Microsoft MPI\Bin\;C:\Python27\;C:\Python27\Scripts;C:\Program Files (x86)\CA\SC\CAWIN\;C:\Windows\system32;C:\Windows;C:\Windows\System32\Wbem;C:\Windows\System32\WindowsPowerShell\v1.0\;C:\PROGRA~2\CA\SC\CAM\bin;C:\Program Files\Git\cmd;C:\HashiCorp\Vagrant\bin;C:\Program Files\Microsoft SQL Server\130\Tools\Binn\;C:\Program Files\dotnet\;C:\Program Files\Microsoft\Web Platform Installer\;C:\Program Files\Microsoft SQL Server\110\Tools\Binn\;C:\Program Files (x86)\Microsoft SDKs\Azure\CLI\wbin;C:\Program Files\nodejs\;C:\Ruby24-x64\bin;C:\Users\gbenga.oshinaga\AppData\Local\Continuum\Anaconda3;C:\Users\gbenga.oshinaga\AppData\Local\Continuum\Anaconda3\Scripts;C:\Users\gbenga.oshinaga\AppData\Local\Continuum\Anaconda3\Library\bin;C:\Program Files\Microsoft VS Code\bin;C:\Users\gbenga.oshinaga\AppData\Roaming\npm
133 verbose lifecycle eslint-plugin-jsx-ally@6.0.3~postinstall: CWD: C:\Users\gbenga.oshinaga\AppData\Roaming\npm\node_modules\eslint-plugin-jsx-ally
134 silly lifecycle eslint-plugin-jsx-ally@6.0.3~postinstall: Args: [ '/d /s /c', 'node ./postinstall.js' ]
135 silly lifecycle eslint-plugin-jsx-ally@6.0.3~postinstall: Returned: code: 1  signal: null
136 info lifecycle eslint-plugin-jsx-ally@6.0.3~postinstall: Failed to exec postinstall script
137 verbose unlock done using C:\Users\gbenga.oshinaga\AppData\Roaming\npm-cache\_locks\staging-d83c9e34cf0a677f.lock for C:\Users\gbenga.oshinaga\AppData\Roaming\npm\node_modules\.staging
138 silly rollbackFailedOptional Starting
139 silly rollbackFailedOptional Finishing
140 silly runTopLevelLifecycles Finishing
141 silly install printInstalled
142 verbose stack Error: eslint-plugin-jsx-ally@6.0.3 postinstall: `node ./postinstall.js`
142 verbose stack Exit status 1
142 verbose stack     at EventEmitter.<anonymous> (C:\Program Files\nodejs\node_modules\npm\lib\utils\lifecycle.js:255:16)
142 verbose stack     at emitTwo (events.js:106:13)
142 verbose stack     at EventEmitter.emit (events.js:191:7)
142 verbose stack     at ChildProcess.<anonymous> (C:\Program Files\nodejs\node_modules\npm\lib\utils\spawn.js:40:14)
142 verbose stack     at emitTwo (events.js:106:13)
142 verbose stack     at ChildProcess.emit (events.js:191:7)
142 verbose stack     at maybeClose (internal/child_process.js:920:16)
142 verbose stack     at Process.ChildProcess._handle.onexit (internal/child_process.js:230:5)
143 verbose pkgid eslint-plugin-jsx-ally@6.0.3
144 verbose cwd C:\Users\gbenga.oshinaga\Documents\Andela\more-recipes\more-recipes
145 error Windows_NT 10.0.10586
146 error argv "C:\\Program Files\\nodejs\\node.exe" "C:\\Program Files\\nodejs\\node_modules\\npm\\bin\\npm-cli.js" "i" "-g" "eslint-plugin-jsx-ally@latest" "--save-dev"
147 error node v6.11.4
148 error npm  v3.10.10
149 error code ELIFECYCLE
150 error eslint-plugin-jsx-ally@6.0.3 postinstall: `node ./postinstall.js`
150 error Exit status 1
151 error Failed at the eslint-plugin-jsx-ally@6.0.3 postinstall script 'node ./postinstall.js'.
151 error Make sure you have the latest version of node.js and npm installed.
151 error If you do, this is most likely a problem with the eslint-plugin-jsx-ally package,
151 error not with npm itself.
151 error Tell the author that this fails on your system:
151 error     node ./postinstall.js
151 error You can get information on how to open an issue for this project with:
151 error     npm bugs eslint-plugin-jsx-ally
151 error Or if that isn't available, you can get their info via:
151 error     npm owner ls eslint-plugin-jsx-ally
151 error There is likely additional logging output above.
152 verbose exit [ 1, true ]
